<?xml version="1.0" encoding="UTF-8"?>
<!-- Generated by org.testng.reporters.JUnitReportReporter -->
<testsuite name="com.google.testcases.GmailAccountCreation" tests="1" time="56.609" ignored="0" failures="0" timestamp="19 Feb 2020 17:24:53 GMT" skipped="0" hostname="DESKTOP-TBUU579" errors="0">
  <testcase name="createaccount" time="56.609" classname="com.google.testcases.GmailAccountCreation"/>
</testsuite> <!-- com.google.testcases.GmailAccountCreation -->
